(41914, 0, 0, 0, 0, -50, 26, 10)
(41964, 0, 0, 0, 255, -50, 26, 10)
(42014, 0, 0, 0, 255, -50, 26, 10)
(42064, 0, 0, 0, 255, -50, 26, 10)
(42114, 0, 0, 0, 255, -50, 26, 10)
(42164, 0, 0, 0, 255, -50, 26, 10)
(42214, 0, 0, 0, 255, -50, 26, 10)
(42264, 0, 0, 0, 255, -50, 26, 10)
(42314, 0, 0, 0, 255, -50, 26, 10)
(42364, 0, 0, 0, 255, -50, 26, 10)
(42414, 0, 0, 0, 255, -50, 26, 10)
(42464, 0, 0, 0, 255, -50, 26, 10)
(42514, 0, 0, 0, 255, -50, 26, 10)
(42564, 0, 0, 0, 255, -50, 26, 10)
(42614, 0, 0, 0, 255, -50, 26, 10)
(42664, 0, 0, 0, 255, -50, 26, 10)
(42714, 0, 0, 0, 255, -50, 26, 10)
(42764, 0, 0, 0, 255, -50, 26, 10)
(42814, 0, 0, 0, 255, -50, 26, 10)
(42864, 0, 0, 0, 255, -50, 26, 10)
(42914, 0, 0, 0, 255, -50, 26, 10)
(42964, 0, 0, 0, 255, -50, 26, 10)
(43014, 0, 0, 0, 255, -50, 26, 10)
(43064, 0, 0, 0, 255, -50, 26, 10)
(43114, 0, 0, 0, 255, -50, 26, 10)
(43164, 0, 0, 0, 255, -50, 26, 10)
(43214, 0, 0, 0, 255, -50, 26, 10)
(43264, 0, 0, 0, 255, -50, 26, 10)
(43314, 0, 0, 0, 255, -50, 26, 10)
(43364, 0, 0, 0, 255, -50, 26, 10)
(43414, 0, 0, 0, 255, -50, 26, 10)
(43464, 0, 0, 0, 255, -50, 26, 10)
(43514, 0, 0, 0, 255, -50, 26, 10)
(43564, 0, 0, 0, 255, -50, 26, 10)
(43614, 0, 0, 0, 255, -50, 26, 10)
(43664, 0, 0, 0, 255, -50, 26, 10)
(43714, 0, 0, 0, 255, -50, 26, 10)
(43764, 0, 0, 0, 255, -50, 26, 10)
(43814, 0, 0, 0, 255, -50, 26, 10)
(43864, 0, 0, 0, 255, -50, 26, 10)
(43914, 0, 0, 0, 255, -50, 26, 10)
(43964, 0, 0, 0, 255, -50, 26, 10)
(44014, 0, 0, 0, 255, -50, 26, 10)
(44064, 0, 0, 0, 255, -50, 26, 10)
(44114, 0, 0, 0, 255, -50, 26, 10)
(44164, 0, 0, 0, 255, -50, 26, 10)
(44214, 0, 0, 0, 255, -50, 26, 10)
(44264, 0, 0, 0, 255, -50, 26, 10)
(44314, 0, 0, 0, 255, -50, 26, 10)
(44364, 0, 0, 0, 255, -50, 26, 10)
(44414, 0, 0, 0, 255, -50, 26, 10)
(44464, 0, 0, 0, 255, -50, 26, 10)
(44514, 0, 0, 0, 255, -50, 26, 10)
(44564, 0, 0, 0, 255, -50, 26, 10)
(44614, 0, 0, 0, 255, -50, 26, 10)
(44664, 0, 0, 0, 255, -50, 26, 10)
(44714, 0, 0, 0, 255, -50, 26, 10)
(44764, 0, 0, 0, 255, -50, 26, 10)
(44814, 0, 0, 0, 255, -50, 26, 10)
(44864, 0, 0, 0, 255, -50, 26, 10)
(44914, 0, 0, 0, 255, -50, 26, 10)
(44964, 0, 0, 0, 255, -50, 26, 10)
(45014, 0, 0, 0, 255, -50, 26, 10)
(45064, 0, 0, 0, 255, -50, 26, 10)
(45114, 0, 0, 0, 255, -50, 26, 10)
(45164, 0, 0, 0, 255, -50, 26, 10)
(45214, 0, 0, 0, 255, -50, 26, 10)
(45264, 0, 0, 0, 255, -50, 26, 10)
(45314, 0, 0, 0, 255, -50, 26, 10)
(45364, 0, 0, 0, 255, -50, 26, 10)
(45414, 0, 0, 0, 255, -50, 26, 10)
(45464, 0, 0, 0, 255, -50, 26, 10)
(45514, 0, 0, 0, 255, -50, 26, 10)
(45564, 0, 0, 0, 255, -50, 26, 10)
(45614, 0, 0, 0, 255, -50, 26, 10)
(45664, 0, 0, 0, 255, -50, 26, 10)
(45714, 0, 0, 0, 255, -50, 26, 10)
(45764, 0, 0, 0, 255, -50, 26, 10)
(45814, 0, 0, 0, 255, -50, 26, 10)
(45864, 0, 0, 0, 255, -50, 26, 10)
(45914, 0, 0, 0, 255, -50, 26, 10)
(45964, 0, 0, 0, 255, -50, 26, 10)
(46014, 0, 0, 0, 255, -50, 26, 10)
(46064, 0, 0, 0, 255, -50, 26, 10)
(46114, 0, 0, 0, 255, -50, 26, 10)
(46164, 0, 0, 0, 255, -50, 26, 10)
(46214, 0, 0, 0, 255, -50, 26, 10)
(46264, 0, 0, 0, 255, -50, 26, 10)
(46314, 0, 0, 0, 255, -50, 26, 10)
(46364, 0, 0, 0, 255, -50, 26, 10)
(46414, 0, 0, 0, 255, -50, 26, 10)
(46464, 0, 0, 0, 255, -50, 26, 10)
(46514, 0, 0, 0, 255, -50, 26, 10)
(46564, 0, 0, 0, 255, -50, 26, 10)
(46614, 0, 0, 0, 255, -50, 26, 10)
(46664, 0, 0, 0, 255, -50, 26, 10)
(46714, 0, 0, 0, 255, -50, 26, 10)
(46764, 0, 0, 0, 255, -50, 26, 10)
(46814, 0, 0, 0, 255, -50, 26, 10)
(46864, 0, 0, 0, 255, -50, 26, 10)
(46914, 0, 0, 0, 255, -50, 26, 10)
(46964, 0, 0, 0, 255, -50, 26, 10)
(47014, 0, 0, 0, 255, -50, 26, 10)
(47064, 0, 0, 0, 255, -50, 26, 10)
(47114, 0, 0, 0, 255, -50, 26, 10)
(47164, 0, 0, 0, 255, -50, 26, 10)
(47214, 0, 0, 0, 255, -50, 26, 10)
(47264, 0, 0, 0, 255, -50, 26, 10)
(47314, 0, 0, 0, 255, -50, 26, 10)
(47364, 0, 0, 0, 255, -50, 26, 10)
(47414, 0, 0, 0, 255, -50, 26, 10)
(47464, 0, 0, 0, 255, -50, 26, 10)
(47514, 0, 0, 0, 255, -50, 26, 10)
(47564, 0, 0, 0, 255, -50, 26, 10)
(47614, 0, 0, 0, 255, -50, 26, 10)
(47664, 0, 0, 0, 255, -50, 26, 10)
(47714, 0, 0, 0, 255, -50, 26, 10)
(47764, 0, 0, 0, 255, -50, 26, 10)
(47814, 0, 0, 0, 255, -50, 26, 10)
(47864, 0, 0, 0, 255, -50, 26, 10)
(47914, 0, 0, 0, 255, -50, 26, 10)
(47964, 0, 0, 0, 255, -50, 26, 10)
(48014, 0, 0, 0, 255, -50, 26, 10)
(48064, 0, 0, 0, 255, -50, 26, 10)
(48114, 0, 0, 0, 255, -50, 26, 10)
(48164, 0, 0, 0, 255, -50, 26, 10)
(48214, 0, 0, 0, 255, -50, 26, 10)
(48264, 0, 0, 0, 255, -50, 26, 10)
(48314, 0, 0, 0, 255, -50, 26, 10)
(48364, 0, 0, 0, 255, -50, 26, 10)
(48414, 0, 0, 0, 255, -50, 26, 10)
(48464, 0, 0, 0, 255, -50, 26, 10)
(48514, 0, 0, 0, 255, -50, 26, 10)
(48564, 0, 0, 0, 255, -50, 26, 10)
(48614, 0, 0, 0, 255, -50, 26, 10)
(48664, 0, 0, 0, 255, -50, 26, 10)
(48714, 0, 0, 0, 255, -50, 26, 10)
(48764, 0, 0, 0, 255, -50, 26, 10)
(48814, 0, 0, 0, 255, -50, 26, 10)
(48864, 0, 0, 0, 255, -50, 26, 10)
(48914, 0, 0, 0, 255, -50, 26, 10)
(48964, 0, 0, 0, 255, -50, 26, 10)
(49014, 0, 0, 0, 255, -50, 26, 10)
(49064, 0, 0, 0, 255, -50, 26, 10)
(49114, 0, 0, 0, 255, -50, 26, 10)
(49164, 0, 0, 0, 255, -50, 26, 10)
(49214, 0, 0, 0, 255, -50, 26, 10)
(49264, 0, 0, 0, 255, -50, 26, 10)
(49314, 0, 0, 0, 255, -50, 26, 10)
(49364, 0, 0, 0, 255, -50, 26, 10)
(49414, 0, 0, 0, 255, -50, 26, 10)
(49464, 0, 0, 0, 255, -50, 26, 10)
(49514, 0, 0, 0, 255, -50, 26, 10)
(49564, 0, 0, 0, 255, -50, 26, 10)
(49614, 0, 0, 0, 255, -50, 26, 10)
(49664, 0, 0, 0, 255, -50, 26, 10)
(49714, 0, 0, 0, 255, -50, 26, 10)
(49764, 0, 0, 0, 255, -50, 26, 10)
(49814, 0, 0, 0, 255, -50, 26, 10)
(49864, 0, 0, 0, 255, -50, 26, 10)
(49914, 0, 0, 0, 255, -50, 26, 10)
(49964, 0, 0, 0, 255, -50, 26, 10)
(50014, 0, 0, 0, 255, -50, 26, 10)
(50064, 0, 0, 0, 255, -50, 26, 10)
(50114, 0, 0, 0, 255, -50, 26, 10)
(50164, 0, 0, 0, 255, -50, 26, 10)
(50214, 0, 0, 0, 255, -50, 26, 10)
(50264, 0, 0, 0, 255, -50, 26, 10)
(50314, 0, 0, 0, 255, -50, 26, 10)
(50364, 0, 0, 0, 255, -50, 26, 10)
(50414, 0, 0, 0, 255, -50, 26, 10)
(50464, 0, 0, 0, 255, -50, 26, 10)
(50514, 0, 0, 0, 255, -50, 26, 10)
(50564, 0, 0, 0, 255, -50, 26, 10)
(50614, 0, 0, 0, 255, -50, 26, 10)
(50664, 0, 0, 0, 255, -50, 26, 10)
(50714, 0, 0, 0, 255, -50, 26, 10)
(50764, 0, 0, 0, 255, -50, 26, 10)
(50814, 0, 0, 0, 255, -50, 26, 10)
(50864, 0, 0, 0, 255, -50, 26, 10)
(50914, 0, 0, 0, 255, -50, 26, 10)
(50964, 0, 0, 0, 255, -50, 26, 10)
(51014, 0, 0, 0, 255, -50, 26, 10)
(51064, 0, 0, 0, 255, -50, 26, 10)
(51114, 0, 0, 0, 255, -50, 26, 10)
(51164, 0, 0, 0, 255, -50, 26, 10)
(51214, 0, 0, 0, 255, -50, 26, 10)
(51264, 0, 0, 0, 255, -50, 26, 10)
(51314, 0, 0, 0, 255, -50, 26, 10)
(51364, 0, 0, 0, 255, -50, 26, 10)
(51414, 0, 0, 0, 255, -50, 26, 10)
(51464, 0, 0, 0, 255, -50, 26, 10)
(51514, 0, 0, 0, 255, -50, 26, 10)
(51564, 0, 0, 0, 255, -50, 26, 10)
(51614, 0, 0, 0, 255, -50, 26, 10)
(51664, 0, 0, 0, 255, -50, 26, 10)
(51714, 0, 0, 0, 255, -50, 26, 10)
(51764, 0, 0, 0, 255, -50, 26, 10)
(51814, 0, 0, 0, 255, -50, 26, 10)
(51864, 0, 0, 0, 255, -50, 26, 10)
(51914, 0, 0, 0, 255, -50, 26, 10)
(51964, 0, 0, 0, 255, -50, 26, 10)
(52014, 0, 0, 0, 255, -50, 26, 10)
(52064, 0, 0, 0, 255, -50, 26, 10)
(52114, 0, 0, 0, 255, -50, 26, 10)
(52164, 0, 0, 0, 255, -50, 26, 10)
(52214, 0, 0, 0, 255, -50, 26, 10)
(52264, 0, 0, 0, 255, -50, 26, 10)
(52314, 0, 0, 0, 255, -50, 26, 10)
(52364, 0, 0, 0, 255, -50, 26, 10)
(52414, 0, 0, 0, 255, -50, 26, 10)
(52464, 0, 0, 0, 255, -50, 26, 10)
(52514, 0, 0, 0, 255, -50, 26, 10)
(52564, 0, 0, 0, 255, -50, 26, 10)
(52614, 0, 0, 0, 255, -50, 26, 10)
(52664, 0, 0, 0, 255, -50, 26, 10)
(52714, 0, 0, 0, 255, -50, 26, 10)
(52764, 0, 0, 0, 255, -50, 26, 10)
(52814, 0, 0, 0, 255, -50, 26, 10)
(52864, 0, 0, 0, 255, -50, 26, 10)
(52914, 0, 0, 0, 255, -50, 26, 10)
(52964, 0, 0, 0, 255, -50, 26, 10)
(53014, 0, 0, 0, 255, -50, 26, 10)
(53064, 0, 0, 0, 255, -50, 26, 10)
(53114, 0, 0, 0, 255, -50, 26, 10)
(53164, 0, 0, 0, 255, -50, 26, 10)
(53214, 0, 0, 0, 255, -50, 26, 10)
(53264, 0, 0, 0, 255, -50, 26, 10)
(53314, 0, 0, 0, 255, -50, 26, 10)
(53364, 0, 0, 0, 255, -50, 26, 10)
(53414, 0, 0, 0, 255, -50, 26, 10)
(53464, 0, 0, 0, 255, -50, 26, 10)
(53514, 0, 0, 0, 255, -50, 26, 10)
(53564, 0, 0, 0, 255, -50, 26, 10)
(53614, 0, 0, 0, 255, -50, 26, 10)
(53664, 0, 0, 0, 255, -50, 26, 10)
(53714, 0, 0, 0, 255, -50, 26, 10)
(53764, 0, 0, 0, 255, -50, 26, 10)
(53814, 0, 0, 0, 255, -50, 26, 10)
(53864, 0, 0, 0, 255, -50, 26, 10)
(53914, 0, 0, 0, 255, -50, 26, 10)
(53964, 0, 0, 0, 255, -50, 26, 10)
(54014, 0, 0, 0, 255, -50, 26, 10)
(54064, 0, 0, 0, 255, -50, 26, 10)
(54114, 0, 0, 0, 255, -50, 26, 10)
(54164, 0, 0, 0, 255, -50, 26, 10)
(54214, 0, 0, 0, 255, -50, 26, 10)
(54264, 0, 0, 0, 255, -50, 26, 10)
(54314, 0, 0, 0, 255, -50, 26, 10)
(54364, 0, 0, 0, 255, -50, 26, 10)
(54414, 0, 0, 0, 255, -50, 26, 10)
(54464, 0, 0, 0, 255, -50, 26, 10)
(54514, 0, 0, 0, 255, -50, 26, 10)
(54564, 0, 0, 0, 255, -50, 26, 10)
(54614, 0, 0, 0, 255, -50, 26, 10)
(54664, 0, 0, 0, 255, -50, 26, 10)
(54714, 0, 0, 0, 255, -50, 26, 10)
(54764, 0, 0, 0, 255, -50, 26, 10)
(54814, 0, 0, 0, 255, -50, 26, 10)
(54864, 0, 0, 0, 255, -50, 26, 10)
(54914, 0, 0, 0, 255, -50, 26, 10)
(54964, 0, 0, 0, 255, -50, 26, 10)
(55014, 0, 0, 0, 255, -50, 26, 10)
(55064, 0, 0, 0, 255, -50, 26, 10)
(55114, 0, 0, 0, 255, -50, 26, 10)
(55164, 0, 0, 0, 255, -50, 26, 10)
(55214, 0, 0, 0, 255, -50, 26, 10)
(55264, 0, 0, 0, 255, -50, 26, 10)
(55314, 0, 0, 0, 255, -50, 26, 10)
(55364, 0, 0, 0, 255, -50, 26, 10)
(55414, 0, 0, 0, 255, -50, 26, 10)
(55464, 0, 0, 0, 255, -50, 26, 10)
(55514, 0, 0, 0, 255, -50, 26, 10)
(55564, 0, 0, 0, 255, -50, 26, 10)
(55614, 0, 0, 0, 255, -50, 26, 10)
(55664, 0, 0, 0, 255, -50, 26, 10)
(55714, 0, 0, 0, 255, -50, 26, 10)
(55764, 0, 0, 0, 255, -50, 26, 10)
(55814, 0, 0, 0, 255, -50, 26, 10)
(55864, 0, 0, 0, 255, -50, 26, 10)
(55914, 0, 0, 0, 255, -50, 26, 10)
(55964, 0, 0, 0, 255, -50, 26, 10)
(56014, 0, 0, 0, 255, -50, 26, 10)
(56064, 0, 0, 0, 255, -50, 26, 10)
(56114, 0, 0, 0, 255, -50, 26, 10)
(56164, 0, 0, 0, 255, -50, 26, 10)
(56214, 0, 0, 0, 255, -50, 26, 10)
(56264, 0, 0, 0, 255, -50, 26, 10)
(56314, 0, 0, 0, 255, -50, 26, 10)
(56364, 0, 0, 0, 255, -50, 26, 10)
(56414, 0, 0, 0, 255, -50, 26, 10)
(56464, 0, 0, 0, 255, -50, 26, 10)
(56514, 0, 0, 0, 255, -50, 26, 10)
(56564, 0, 0, 0, 255, -50, 26, 10)
(56614, 0, 0, 0, 255, -50, 26, 10)
(56664, 0, 0, 0, 255, -50, 26, 10)
(56714, 0, 0, 0, 255, -50, 26, 10)
(56764, 0, 0, 0, 255, -50, 26, 10)
(56814, 0, 0, 0, 255, -50, 26, 10)
(56864, 0, 0, 0, 255, -50, 26, 10)
(56914, 0, 0, 0, 255, -50, 26, 10)
(56964, 0, 0, 0, 255, -50, 26, 10)
(57014, 0, 0, 0, 170, -50, 26, 10)
(57064, 0, 0, 0, 170, -50, 26, 10)
(57114, 0, 0, 0, 170, -50, 26, 10)
(57164, 0, 0, 0, 170, -50, 26, 10)
(57214, 0, 0, 0, 171, -50, 26, 10)
(57264, 0, 0, 0, 170, -50, 26, 10)
(57314, 0, 0, 0, 172, -50, 26, 10)
(57364, 0, 0, 0, 255, -50, 26, 10)
(57414, 0, 0, 0, 255, -50, 26, 10)
(57464, 0, 0, 0, 66, -50, 26, 10)
(57514, 0, 0, 0, 67, -50, 26, 10)
(57564, 0, 0, 0, 255, -50, 26, 10)
(57614, 0, 0, 0, 172, -50, 26, 10)
(57664, 0, 0, 0, 255, -50, 26, 10)
(57714, 0, 0, 0, 255, -50, 26, 10)
(57764, 0, 0, 0, 23, -50, 26, 10)
(57814, 0, 0, 0, 24, -50, 26, 10)
(57864, 0, 0, 0, 255, -50, 26, 10)
(57914, 0, 0, 0, 255, -50, 26, 10)
(57964, 0, 0, 0, 255, -50, 26, 10)
(58014, 0, 0, 0, 255, -50, 26, 10)
(58064, 0, 0, 0, 255, -50, 26, 10)
(58114, 0, 0, 0, 255, -50, 26, 10)
(58164, 0, 0, 0, 255, -50, 26, 10)
(58214, 0, 0, 0, 23, -50, 26, 10)
(58264, 0, 0, 0, 23, -50, 26, 10)
(58314, 0, 0, 0, 23, -50, 26, 10)
(58364, 0, 0, 0, 23, -50, 26, 10)
(58414, 0, 0, 0, 26, -50, 26, 10)
(58464, 0, 0, 0, 24, -50, 26, 10)
(58514, 0, 0, 0, 24, -50, 26, 10)
(58564, 0, 0, 0, 23, -50, 26, 10)
(58614, 0, 0, 0, 23, -50, 26, 10)
(58664, 0, 0, 0, 23, -50, 26, 10)
(58714, 0, 0, 0, 23, -50, 26, 10)
(58764, 0, 0, 0, 23, -50, 26, 10)
(58814, 0, 0, 0, 23, -50, 26, 10)
(58864, 0, 0, 0, 23, -50, 26, 10)
(58914, 0, 0, 0, 23, -50, 26, 10)
(58964, 0, 0, 0, 23, -50, 26, 10)
(59014, 0, 0, 0, 23, -50, 26, 10)
(59064, 0, 0, 0, 23, -50, 26, 10)
(59114, 0, 0, 0, 23, -50, 26, 10)
(59164, 0, 0, 0, 23, -50, 26, 10)
(59214, 0, 0, 0, 23, -50, 26, 10)
(59264, 0, 0, 0, 23, -50, 26, 10)
(59314, 0, 0, 0, 23, -50, 26, 10)
(59364, 0, 0, 0, 23, -50, 26, 10)
(59414, 0, 0, 0, 23, -50, 26, 10)
(59464, 0, 0, 0, 23, -50, 26, 10)
(59514, 0, 0, 0, 23, -50, 26, 10)
(59564, 0, 0, 0, 23, -50, 26, 10)
(59614, 0, 0, 0, 23, -50, 26, 10)
(59664, 0, 0, 0, 23, -50, 26, 10)
(59714, 0, 0, 0, 23, -50, 26, 10)
(59764, 0, 0, 0, 23, -50, 26, 10)
(59814, 0, 0, 0, 23, -50, 26, 10)
(59864, 0, 0, 0, 25, -50, 26, 10)
(59914, 0, 0, 0, 27, -50, 26, 10)
(59964, 0, 0, 0, 24, -50, 26, 10)
(60014, 0, 0, 0, 255, -50, 26, 10)
(60064, 0, 0, 0, 255, -50, 26, 10)
(60114, 0, 0, 0, 65, -50, 26, 10)
(60164, 0, 0, 0, 65, -50, 26, 10)
(60214, 0, 0, 0, 66, -50, 26, 10)
(60264, 0, 0, 0, 255, -50, 26, 10)
(60314, 0, 0, 0, 255, -50, 26, 10)
(60364, 0, 0, 0, 255, -50, 26, 10)
(60414, 0, 0, 0, 28, -50, 26, 10)
(60464, 0, 0, 0, 255, -50, 26, 10)
(60514, 0, 0, 0, 255, -50, 26, 10)
(60564, 0, 0, 0, 255, -50, 26, 10)
(60614, 0, 0, 0, 255, -50, 26, 10)
(60664, 0, 0, 0, 255, -50, 26, 10)
(60714, 0, 0, 0, 27, -50, 26, 10)
(60764, 0, 0, 0, 28, -50, 26, 10)
(60814, 0, 0, 0, 29, -50, 26, 10)
(60864, 0, 0, 0, 28, -50, 26, 10)
(60914, 0, 0, 0, 27, -50, 26, 10)
(60964, 0, 0, 0, 28, -50, 26, 10)
(61014, 0, 0, 0, 28, -50, 26, 10)
(61064, 0, 0, 0, 28, -50, 26, 10)
(61114, 0, 0, 0, 28, -50, 26, 10)
(61164, 0, 0, 0, 28, -50, 26, 10)
(61214, 0, 0, 0, 29, -50, 26, 10)
(61264, 0, 0, 0, 28, -50, 26, 10)
(61314, 0, 0, 0, 31, -50, 26, 10)
(61364, 0, 0, 0, 255, -50, 26, 10)
(61414, 0, 0, 0, 30, -50, 26, 10)
(61464, 0, 0, 0, 30, -50, 26, 10)
(61514, 0, 0, 0, 255, -50, 26, 10)
(61564, 0, 0, 0, 255, -50, 26, 10)
(61614, 0, 0, 0, 255, -50, 26, 10)
(61664, 0, 0, 0, 255, -50, 26, 10)
(61714, 0, 0, 0, 255, -50, 26, 10)
(61764, 0, 0, 0, 255, -50, 26, 10)
(61814, 0, 0, 0, 255, -50, 26, 10)
(61864, 0, 0, 0, 31, -50, 26, 10)
(61914, 0, 0, 0, 32, -50, 26, 10)
(61964, 0, 0, 0, 255, -50, 26, 10)
(62014, 0, 0, 0, 255, -50, 26, 10)
(62064, 0, 0, 0, 255, -50, 26, 10)
(62114, 0, 0, 0, 255, -50, 26, 10)
(62164, 0, 0, 0, 255, -50, 26, 10)
(62214, 0, 0, 0, 255, -50, 26, 10)
(62264, 0, 0, 0, 255, -50, 26, 10)
(62314, 0, 0, 0, 255, -50, 26, 10)
(62364, 0, 0, 0, 255, -50, 26, 10)
(62414, 0, 0, 0, 255, -50, 26, 10)
(62464, 0, 0, 0, 255, -50, 26, 10)
(62514, 0, 0, 0, 255, -50, 26, 10)
(62564, 0, 0, 0, 255, -50, 26, 10)
(62614, 0, 0, 0, 255, -50, 26, 10)
(62664, 0, 0, 0, 255, -50, 26, 10)
(62714, 0, 0, 0, 255, -50, 26, 10)
(62764, 0, 0, 0, 255, -50, 26, 10)
(62814, 0, 0, 0, 255, -50, 26, 10)
(62864, 0, 0, 0, 255, -50, 26, 10)
(62914, 0, 0, 0, 10, -50, 26, 10)
(62964, 0, 0, 0, 36, -50, 26, 10)
(63014, 0, 0, 0, 6, -50, 26, 10)
(63064, 0, 0, 0, 7, -50, 26, 10)
(63114, 0, 0, 0, 255, -50, 26, 10)
(63164, 0, 0, 0, 255, -50, 26, 10)
(63214, 0, 0, 0, 6, -50, 26, 10)
(63264, 0, 0, 0, 255, -50, 26, 10)
(63314, 0, 0, 0, 255, -50, 26, 10)
(63364, 0, 0, 0, 255, -50, 26, 10)
(63414, 0, 0, 0, 255, -50, 26, 10)
(63464, 0, 0, 0, 255, -50, 26, 10)
(63514, 0, 0, 0, 255, -50, 26, 10)
(63564, 0, 0, 0, 255, -50, 26, 10)
(63614, 0, 0, 0, 168, -50, 26, 10)
(63664, 1, 0, 0, 167, -50, 26, 10)
(63714, 6, 0, 0, 167, -50, 26, 10)
(63764, 13, 0, 0, 166, -50, 26, 10)
(63814, 21, 0, 0, 166, -50, 26, 10)
(63864, 31, 0, 0, 167, -50, 26, 10)
(63914, 42, 0, 0, 255, -50, 26, 10)
(63964, 53, 0, 0, 26, -50, 26, 10)
(64014, 62, 0, 0, 28, -50, 26, 10)
(64064, 70, 0, 0, 28, -50, 26, 10)
(64114, 73, 0, 0, 28, -50, 26, 10)
(64164, 73, 0, 0, 24, -50, 26, 10)
(64214, 72, 0, 0, 27, -50, 26, 10)
(64264, 72, 0, 0, 27, -50, 26, 10)
(64314, 72, 0, 0, 26, -50, 26, 10)
(64364, 72, 0, 0, 26, -50, 26, 10)
(64414, 72, 0, 0, 26, -50, 26, 10)
(64464, 72, 0, 0, 27, -50, 26, 10)
(64514, 72, 0, 0, 27, -50, 26, 10)
(64564, 72, 0, 0, 27, -50, 26, 10)
(64614, 72, 0, 0, 28, -50, 26, 10)
(64664, 72, 0, 0, 28, -50, 26, 10)
(64714, 72, 0, 0, 27, -50, 26, 10)
(64764, 72, 0, 0, 27, -50, 26, 10)
(64814, 72, 0, 0, 27, -50, 26, 10)
(64864, 72, 0, 0, 27, -50, 26, 10)
(64914, 72, 0, 0, 27, -50, 26, 10)
(64964, 72, 0, 0, 27, -50, 26, 10)
(65014, 72, 0, 0, 27, -50, 26, 10)
(65064, 72, 0, 0, 27, -50, 26, 10)
(65114, 72, 0, 0, 27, -50, 26, 10)
(65164, 72, 0, 0, 27, -50, 26, 10)
(65214, 72, 0, 0, 27, -50, 26, 10)
(65264, 72, 0, 0, 27, -50, 26, 10)
(65314, 72, 0, 0, 27, -50, 26, 10)
(65364, 72, 0, 0, 27, -50, 26, 10)
(65414, 72, 0, 0, 27, -50, 26, 10)
(65464, 72, 0, 0, 27, -50, 26, 10)
(65514, 72, 0, 0, 27, -50, 26, 10)
(65564, 72, 0, 0, 27, -50, 26, 10)
(65614, 72, 0, 0, 27, -50, 26, 10)
(65664, 72, 0, 0, 27, -50, 26, 10)
(65714, 72, 0, 0, 27, -50, 26, 10)
(65764, 72, 0, 0, 27, -50, 26, 10)
(65814, 72, 0, 0, 27, -50, 26, 10)
(65864, 72, 0, 0, 26, -50, 26, 10)
(65914, 72, 0, 0, 27, -50, 26, 10)
(65964, 72, 0, 0, 27, -50, 26, 10)
(66014, 72, 0, 0, 27, -50, 26, 10)
(66064, 72, 0, 0, 27, -50, 26, 10)
(66114, 72, 0, 0, 26, -50, 26, 10)
(66164, 71, 0, 0, 26, -50, 26, 10)
(66214, 71, 0, 0, 25, -50, 26, 10)
(66264, 71, 0, 0, 20, -50, 26, 10)
(66314, 71, 0, 1, 17, -50, 26, 10)
(66364, 71, 0, 0, 27, -50, 26, 10)
(66414, 71, 0, 0, 22, -50, 26, 10)
(66464, 71, 0, 0, 20, -50, 26, 10)
(66514, 71, 0, 0, 22, -50, 26, 10)
(66564, 71, 0, 0, 23, -50, 26, 10)
(66614, 71, 0, 0, 22, -50, 26, 10)
(66664, 71, 0, 0, 23, -50, 26, 10)
(66714, 71, 0, 0, 21, -50, 26, 10)
(66764, 71, 0, 0, 22, -50, 26, 10)
(66814, 71, 0, 0, 22, -50, 26, 10)
(66864, 71, 0, 0, 23, -50, 26, 10)
(66914, 71, 0, 0, 25, -50, 26, 10)
(66964, 71, 0, 0, 39, -50, 26, 10)
(67014, 71, 0, 0, 40, -50, 26, 10)
(67064, 71, 0, 0, 74, -50, 26, 10)
(67114, 71, 0, 0, 255, -50, 26, 10)
(67164, 71, 0, 0, 74, -50, 26, 10)
(67214, 71, 0, 0, 74, -50, 26, 10)
(67264, 71, 0, 0, 42, -50, 26, 10)
(67314, 71, 0, 0, 255, -50, 26, 10)
(67364, 71, 0, 0, 28, -50, 26, 10)
(67414, 71, -1, 0, 255, -50, 26, 10)
(67464, 71, -5, 0, 30, -50, 26, 10)
(67514, 71, -13, 0, 255, -50, 26, 10)
(67564, 71, -23, 0, 41, -50, 26, 10)
(67614, 71, -38, 0, 255, -50, 26, 10)
(67664, 71, -54, 0, 49, -50, 26, 10)
(67714, 71, -74, 0, 42, -50, 26, 10)
(67764, 71, -95, 0, 47, -50, 26, 10)
(67814, 71, -117, 0, 39, -50, 26, 10)
(67864, 71, -139, 0, 29, -50, 26, 10)
(67914, 71, -160, 0, 28, -50, 26, 10)
(67964, 71, -178, 0, 42, -50, 26, 10)
(68014, 71, -192, 0, 28, -50, 26, 10)
(68064, 71, -200, 0, 26, -50, 26, 10)
(68114, 71, -203, 0, 25, -50, 26, 10)
(68164, 71, -202, 0, 24, -50, 26, 10)
(68214, 71, -200, 0, 25, -50, 26, 10)
(68264, 71, -198, 0, 24, -50, 26, 10)
(68314, 71, -194, 0, 24, -50, 26, 10)
(68364, 71, -189, 0, 24, -50, 26, 10)
(68414, 71, -182, 0, 24, -50, 26, 10)
(68464, 71, -175, 0, 24, -50, 26, 10)
(68514, 71, -168, 0, 24, -50, 26, 10)
(68564, 71, -162, 0, 24, -50, 26, 10)
(68614, 71, -157, 0, 24, -50, 26, 10)
(68664, 71, -155, 0, 23, -50, 26, 10)
(68714, 71, -155, 0, 23, -50, 26, 10)
(68764, 71, -155, 0, 23, -50, 26, 10)
(68814, 71, -155, 0, 23, -50, 26, 10)
(68864, 71, -155, 0, 23, -50, 26, 10)
(68914, 71, -155, 0, 23, -50, 26, 10)
(68964, 71, -155, 0, 23, -50, 26, 10)
(69014, 71, -155, 0, 23, -50, 26, 10)
(69064, 71, -155, 0, 23, -50, 26, 10)
(69114, 71, -155, 0, 23, -50, 26, 10)
(69164, 71, -155, 0, 23, -50, 26, 10)
(69214, 71, -155, 0, 25, -50, 26, 10)
(69264, 71, -155, 0, 29, -50, 26, 10)
(69314, 71, -155, 0, 37, -50, 26, 10)
(69364, 71, -155, 0, 255, -50, 26, 10)
(69414, 71, -155, 0, 255, -50, 26, 10)
(69464, 71, -155, 0, 255, -50, 26, 10)
(69514, 71, -155, 0, 255, -50, 26, 10)
(69564, 71, -155, 0, 255, -50, 26, 10)
(69614, 71, -155, 0, 255, -50, 26, 10)
(69664, 71, -155, 0, 39, -50, 26, 10)
(69714, 71, -155, 0, 255, -50, 26, 10)
(69764, 71, -155, 0, 255, -50, 26, 10)
(69814, 71, -155, -2, 255, -50, 26, 10)
(69864, 71, -155, -6, 255, -50, 26, 10)
(69914, 71, -155, -14, 255, -50, 26, 10)
(69964, 71, -155, -27, 255, -50, 26, 10)
(70014, 71, -155, -43, 255, -50, 26, 10)
(70064, 71, -155, -62, 255, -50, 26, 10)
(70114, 71, -155, -82, 255, -50, 26, 10)
(70164, 71, -155, -102, 255, -50, 26, 10)
(70214, 71, -155, -122, 255, -50, 26, 10)
(70264, 71, -155, -140, 30, -50, 26, 10)
(70314, 71, -155, -156, 30, -50, 26, 10)
(70364, 71, -155, -167, 30, -50, 26, 10)
(70414, 71, -155, -172, 255, -50, 26, 10)
(70464, 71, -155, -169, 255, -50, 26, 10)
(70514, 71, -155, -166, 255, -50, 26, 10)
(70564, 71, -155, -161, 255, -50, 26, 10)
(70614, 71, -155, -155, 255, -50, 26, 10)
(70664, 71, -155, -148, 40, -50, 26, 10)
(70714, 71, -155, -140, 255, -50, 26, 10)
(70764, 71, -155, -131, 255, -50, 26, 10)
(70814, 71, -155, -121, 255, -50, 26, 10)
(70864, 71, -155, -112, 255, -50, 26, 10)
(70914, 71, -155, -103, 39, -50, 26, 10)
(70964, 71, -155, -94, 40, -50, 26, 10)
(71014, 71, -155, -86, 255, -50, 26, 10)
(71064, 71, -155, -77, 255, -50, 26, 10)
(71114, 71, -155, -68, 255, -50, 26, 10)
(71164, 71, -155, -59, 39, -50, 26, 10)
(71214, 71, -155, -49, 39, -50, 26, 10)
(71264, 71, -155, -40, 255, -50, 26, 10)
(71314, 71, -155, -30, 255, -50, 26, 10)
(71364, 71, -155, -20, 40, -50, 26, 10)
(71414, 71, -155, -10, 39, -50, 26, 10)
(71464, 71, -155, 2, 39, -50, 26, 10)
(71514, 71, -155, 14, 255, -50, 26, 10)
(71564, 71, -155, 26, 40, -50, 26, 10)
(71614, 71, -155, 37, 39, -50, 26, 10)
(71664, 71, -155, 49, 39, -50, 26, 10)
(71714, 71, -155, 61, 40, -50, 26, 10)
(71764, 71, -155, 72, 255, -50, 26, 10)
(71814, 71, -155, 83, 255, -50, 26, 10)
(71864, 71, -155, 93, 255, -50, 26, 10)
(71914, 71, -155, 103, 255, -50, 26, 10)
(71964, 71, -155, 111, 38, -50, 26, 10)
(72014, 71, -155, 118, 40, -50, 26, 10)
(72064, 71, -155, 124, 255, -50, 26, 10)
(72114, 71, -155, 130, 255, -50, 26, 10)
(72164, 71, -155, 135, 255, -50, 26, 10)
(72214, 71, -155, 139, 41, -50, 26, 10)
(72264, 71, -155, 142, 255, -50, 26, 10)
(72314, 71, -155, 145, 255, -50, 26, 10)
(72364, 71, -155, 147, 255, -50, 26, 10)
(72414, 71, -155, 149, 255, -50, 26, 10)
(72464, 71, -155, 152, 255, -50, 26, 10)
(72514, 71, -155, 156, 29, -50, 26, 10)
(72564, 71, -155, 161, 28, -50, 26, 10)
(72614, 71, -155, 168, 28, -50, 26, 10)
(72664, 71, -155, 176, 28, -50, 26, 10)
(72714, 71, -155, 184, 28, -50, 26, 10)
(72764, 71, -155, 193, 28, -50, 26, 10)
(72814, 71, -155, 203, 28, -50, 26, 10)
(72864, 71, -155, 212, 29, -50, 26, 10)
(72914, 71, -155, 220, 29, -50, 26, 10)
(72964, 71, -155, 228, 29, -50, 26, 10)
(73014, 71, -155, 236, 29, -50, 26, 10)
(73064, 71, -155, 242, 29, -50, 26, 10)
(73114, 71, -155, 248, 29, -50, 26, 10)
(73164, 71, -155, 254, 29, -50, 26, 10)
(73214, 71, -155, 259, 29, -50, 26, 10)
(73264, 71, -155, 264, 255, -50, 26, 10)
(73314, 71, -155, 269, 255, -50, 26, 10)
(73364, 71, -155, 274, 255, -50, 26, 10)
(73414, 71, -155, 279, 29, -50, 26, 10)
(73464, 71, -155, 284, 29, -50, 26, 10)
(73514, 71, -155, 289, 29, -50, 26, 10)
(73564, 71, -155, 293, 255, -50, 26, 10)
(73614, 71, -155, 297, 30, -50, 26, 10)
(73664, 71, -155, 300, 29, -50, 26, 10)
(73714, 71, -155, 302, 29, -50, 26, 10)
(73764, 71, -155, 304, 29, -50, 26, 10)
(73814, 71, -155, 304, 29, -50, 26, 10)
(73864, 71, -155, 304, 30, -50, 26, 10)
(73914, 71, -155, 304, 35, -50, 26, 10)
(73964, 71, -155, 304, 30, -50, 26, 10)
(74014, 71, -155, 304, 36, -50, 26, 10)
(74064, 71, -155, 304, 37, -50, 26, 10)
(74114, 71, -155, 304, 38, -50, 26, 10)
(74164, 71, -155, 304, 255, -50, 26, 10)
(74214, 71, -155, 304, 37, -50, 26, 10)
(74264, 71, -155, 304, 37, -50, 26, 10)
(74314, 70, -155, 304, 37, -50, 26, 10)
(74364, 67, -155, 304, 36, -50, 26, 10)
(74414, 62, -155, 304, 255, -50, 26, 10)
(74464, 55, -155, 304, 255, -50, 26, 10)
(74514, 48, -155, 304, 35, -50, 26, 10)
(74564, 41, -155, 304, 35, -50, 26, 10)
(74614, 33, -155, 304, 35, -50, 26, 10)
(74664, 27, -155, 304, 36, -50, 26, 10)
(74714, 22, -155, 304, 36, -50, 26, 10)
(74764, 19, -155, 304, 37, -50, 26, 10)
(74814, 16, -155, 304, 37, -50, 26, 10)
(74864, 15, -155, 304, 36, -50, 26, 10)
(74914, 16, -155, 304, 37, -50, 26, 10)
(74964, 16, -155, 304, 37, -50, 26, 10)
(75014, 16, -155, 304, 36, -50, 26, 10)
(75064, 16, -155, 304, 36, -50, 26, 10)
(75114, 16, -155, 304, 36, -50, 26, 10)
(75164, 16, -155, 304, 36, -50, 26, 10)
(75214, 16, -155, 304, 36, -50, 26, 10)
(75264, 16, -155, 304, 36, -50, 26, 10)
(75314, 16, -155, 304, 37, -50, 26, 10)
(75364, 16, -155, 304, 36, -50, 26, 10)
(75414, 16, -155, 304, 36, -50, 26, 10)
(75464, 16, -155, 304, 36, -50, 26, 10)
(75514, 16, -155, 304, 36, -50, 26, 10)
(75564, 16, -155, 304, 36, -50, 26, 10)
(75614, 16, -155, 304, 36, -50, 26, 10)
(75664, 16, -155, 304, 36, -50, 26, 10)
(75714, 16, -155, 304, 36, -50, 26, 10)
(75764, 16, -155, 304, 36, -50, 26, 10)
(75814, 16, -155, 304, 36, -50, 26, 10)
(75864, 16, -155, 304, 35, -50, 26, 10)
(75914, 16, -155, 304, 35, -50, 26, 10)
(75964, 16, -155, 304, 35, -50, 26, 10)
(76014, 16, -155, 304, 35, -50, 26, 10)
(76064, 16, -155, 304, 35, -50, 26, 10)
(76114, 16, -155, 304, 35, -50, 26, 10)
(76164, 16, -155, 304, 36, -50, 26, 10)
(76214, 16, -155, 304, 35, -50, 26, 10)
(76264, 16, -155, 304, 35, -50, 26, 10)
(76314, 16, -155, 304, 35, -50, 26, 10)
(76364, 16, -155, 304, 35, -50, 26, 10)
(76414, 16, -155, 304, 35, -50, 26, 10)
(76464, 16, -155, 304, 35, -50, 26, 10)
(76514, 16, -155, 304, 35, -50, 26, 10)
(76564, 16, -155, 304, 35, -50, 26, 10)
(76614, 16, -155, 304, 35, -50, 26, 10)
(76664, 16, -155, 304, 35, -50, 26, 10)
(76714, 16, -155, 304, 35, -50, 26, 10)
(76764, 16, -155, 304, 35, -50, 26, 10)
